[INFO  - 2018-04-25T06:57:55.925Z] GhostDriver - Main - running on port 55742
[INFO  - 2018-04-25T06:57:58.060Z] Session [fc819190-4855-11e8-8ba8-bfe24e90792d] - page.settings - {"XSSAuditingEnabled":false,"javascriptCanCloseWindows":true,"javascriptCanOpenWindows":true,"javascriptEnabled":true,"loadImages":true,"localToRemoteUrlAccessEnabled":false,"userAgent":"Mozilla/5.0 (Windows NT 6.1; WOW64) AppleWebKit/538.1 (KHTML, like Gecko) PhantomJS/2.1.1 Safari/538.1","webSecurityEnabled":true}
[INFO  - 2018-04-25T06:57:58.060Z] Session [fc819190-4855-11e8-8ba8-bfe24e90792d] - page.customHeaders:  - {}
[INFO  - 2018-04-25T06:57:58.061Z] Session [fc819190-4855-11e8-8ba8-bfe24e90792d] - Session.negotiatedCapabilities - {"browserName":"phantomjs","version":"2.1.1","driverName":"ghostdriver","driverVersion":"1.2.0","platform":"windows-7-32bit","javascriptEnabled":true,"takesScreenshot":true,"handlesAlerts":false,"databaseEnabled":false,"locationContextEnabled":false,"applicationCacheEnabled":false,"browserConnectionEnabled":false,"cssSelectorsEnabled":true,"webStorageEnabled":false,"rotatable":false,"acceptSslCerts":false,"nativeEvents":true,"proxy":{"proxyType":"direct"}}
[INFO  - 2018-04-25T06:57:58.061Z] SessionManagerReqHand - _postNewSessionCommand - New Session Created: fc819190-4855-11e8-8ba8-bfe24e90792d
[ERROR - 2018-04-25T06:58:05.120Z] WebElementLocator - _handleLocateCommand - Element(s) NOT Found: GAVE UP. Search Stop Time: 1524639485093

  phantomjs://platform/console++.js:263 in error
[ERROR - 2018-04-25T06:58:06.004Z] WebElementLocator - _handleLocateCommand - Element(s) NOT Found: GAVE UP. Search Stop Time: 1524639485992

  phantomjs://platform/console++.js:263 in error
[ERROR - 2018-04-25T06:58:06.883Z] WebElementLocator - _handleLocateCommand - Element(s) NOT Found: GAVE UP. Search Stop Time: 1524639486855

  phantomjs://platform/console++.js:263 in error
[ERROR - 2018-04-25T06:58:07.760Z] WebElementLocator - _handleLocateCommand - Element(s) NOT Found: GAVE UP. Search Stop Time: 1524639487737

  phantomjs://platform/console++.js:263 in error
[ERROR - 2018-04-25T06:58:08.656Z] WebElementLocator - _handleLocateCommand - Element(s) NOT Found: GAVE UP. Search Stop Time: 1524639488616

  phantomjs://platform/console++.js:263 in error
[ERROR - 2018-04-25T06:58:09.534Z] WebElementLocator - _handleLocateCommand - Element(s) NOT Found: GAVE UP. Search Stop Time: 1524639489512

  phantomjs://platform/console++.js:263 in error
[ERROR - 2018-04-25T06:58:10.419Z] WebElementLocator - _handleLocateCommand - Element(s) NOT Found: GAVE UP. Search Stop Time: 1524639490390

  phantomjs://platform/console++.js:263 in error
[ERROR - 2018-04-25T06:58:11.308Z] WebElementLocator - _handleLocateCommand - Element(s) NOT Found: GAVE UP. Search Stop Time: 1524639491278

  phantomjs://platform/console++.js:263 in error
[ERROR - 2018-04-25T06:58:12.181Z] WebElementLocator - _handleLocateCommand - Element(s) NOT Found: GAVE UP. Search Stop Time: 1524639492162

  phantomjs://platform/console++.js:263 in error
[ERROR - 2018-04-25T06:58:13.075Z] WebElementLocator - _handleLocateCommand - Element(s) NOT Found: GAVE UP. Search Stop Time: 1524639493035

  phantomjs://platform/console++.js:263 in error
[ERROR - 2018-04-25T06:58:13.959Z] WebElementLocator - _handleLocateCommand - Element(s) NOT Found: GAVE UP. Search Stop Time: 1524639493924

  phantomjs://platform/console++.js:263 in error
[ERROR - 2018-04-25T06:58:14.845Z] WebElementLocator - _handleLocateCommand - Element(s) NOT Found: GAVE UP. Search Stop Time: 1524639494811

  phantomjs://platform/console++.js:263 in error
